      __  __                    ____               _______
     /  |/ |                   /   |              / _____/
    /      |                  / /| |             / /      
   / /|_/| |                 / /_| |            / /       
  / /    | |                / ___  |           / /_____   
 /_/     |_|icromechanics  /_/   |_|nalysis    \______/ode


                           with                           

      _______              __  __               _______   
     / _____/             /  |/ |              / _____/   
    / / ____             /      |             / /         
   / / /_  /            / /|_/| |            / /          
  / /___/ /            / /    | |           / /_____      
  \______/eneralized  /_/     |_|ethod of   \______/ells  


                       Version 4.z-3.9     


                 NASA Glenn Research Center
                  Ohio Aerospace Institute

  Point of Contact:
    Dr. Steven M. Arnold
    NASA Glenn Research Center
    http://www.grc.nasa.gov/WWW/StructuresMaterials/MLP/software/mac-gmc/index.html

___________________________________________________________________________

Disclaimer:  This software package is considered to be a research code 
             and therefore no expressed or implied warranties are granted
             pertaining to the results produced from the use of this code
___________________________________________________________________________


================================================================================================
 Execution Initiated --->  21:19:29    5-28-2019
================================================================================================


 Input file ---> F:\Research\wapisani\MAC_GMC\ICME\Trials\PEEK_CarbonFiber_0.7Crystallinity0.7_volfrac_CF_uni-CF.mac                                                   
 Output file --> F:\Research\wapisani\MAC_GMC\ICME\Trials\PEEK_CarbonFiber_0.7Crystallinity0.7_volfrac_CF_uni-CF.out                                                   



******* PROBLEM TITLE ** PROBLEM TITLE ** PROBLEM TITLE ** PROBLEM TITLE ** PROBLEM TITLE *******

 MAC/GMC 4.z-3 PEEK 0.7 crystalline 0.7 vol frac CF Uni-dir AS4 CF - Effective P

*************************************************************************************************



================================================================================================
*****                           Section I:  Problem Input Data                             *****
================================================================================================


------------------------------------------------------------------------------------------------
**  A:  Execution Flags  **
------------------------------------------------------------------------------------------------



 No Thermal Conductivities Requested


 No Electro-Magnetic Properties Requested


------------------------------------------------------------------------------------------------
**  B:  Constituent Information  **
------------------------------------------------------------------------------------------------


------------------------------------------------------------------------------------------------
    B1:  Constituent Materials
------------------------------------------------------------------------------------------------



 Database material data (if selected) will be read from *internal* database

 Number of constituent materials     (nmats) =  2

COMMENT: # -- PEEK RESULTS 0.7 CRYSTALLINE

---------------------------------------------------------
                    MATERIAL # 1
---------------------------------------------------------

 Constitutive Model Chosen:
  Orthotropic Elastic Model (X1-X2-X3 Axes)

 (CH1) = U

 User input material properties


 Material properties read from input file

 Material Name: Mat #1 MAC #1   

   Elastic Properties:
     1)   E1     = 0.4490D+01
     2)   E2     = 0.4488D+01
     3)   E3     = 0.4890D+01
     4)   Nu12   = 0.4237D+00
     4)   Nu13   = 0.4234D+00
     6)   Nu23   = 0.4233D+00
     7)   G12    = 0.1680D+01
     8)   G13    = 0.1679D+01
     9)   G23    = 0.1679D+01
     10)  Alpha1 = 0.0000D+00
     11)  Alpha2 = 0.0000D+00
     12)  Alpha3 = 0.0000D+00

COMMENT: # -- AS4 CF - PROPERTIES FROM HADDEN CARBON 2015

---------------------------------------------------------
                    MATERIAL # 2
---------------------------------------------------------

 Constitutive Model Chosen:
  Standard Elastic Model (RUC X2-X3 Plane of Transverse Isotropy)

 (CH1) = U

 User input material properties


 Material properties read from input file

 Material Name: Mat #2 MAC #1   

   Elastic Properties:
     1)   E Longitudinal     = 0.2310D+03
     2)   E Transverse       = 0.9600D+01
     3)   Nu Longitudinal    = 0.3000D+00
     4)   Nu Transverse      = 0.3000D+00
     5)   G                  = 0.1120D+03
     6)   Alpha Longitudinal = 0.0000D+00
     7)   Alpha Transverse   = 0.0000D+00


 Axial direction not specified --> default = x1


------------------------------------------------------------------------------------------------
    B2:  Multiscale Materials
------------------------------------------------------------------------------------------------

   No user-defined multiscale materials defined
   Note: 16 internal multicale materials are available

------------------------------------------------------------------------------------------------
**  C:  Analysis Type & Architecture Information  **
------------------------------------------------------------------------------------------------

 MOD           2

--------------------------------------------------
           ANALYSIS APPROACH INFORMATION          
--------------------------------------------------

 Selected Analysis Model:  2
     1) Monolithic Material Analysis
     2) Double Periodic GMC Micromechanics Model
     3) Triple Periodic GMC Micromechanics Model
    12) Double Periodic HFGMC Micromechanics Model
    22) Double Periodic HFGMC Reformulated Micromechanics Model


--------------------------------------------------
                  RUC INFORMATION                 
--------------------------------------------------

 Selected RVE =  13
     Monolithic Layer                = 0
     Square Pack With 4 Subcells     = 1
     Triangular pack                 = 2
     Square Diagonal Pack            = 3
     Cross Shape Fiber               = 4
      (Square Pack)              
     ---------------------------
     Circular Fiber Approximation    = 6
      (49 Cell)                  
     Circular Fiber Approximation    = 7
      (196 Cell)                 
     Square Pack                     = 9
      (Two Fibers of Different Size) 
     Rectangular Pack                = 11
     26x26 circular x-section fiber  = 13
     8x8 circular fiber approx.      = 20
     10x10 circular fiber approx.    = 21
     User Defined RVE                = 99

 Interface IS NOT present

 Fiber Volume Ratio =  0.700E+00

 R Ratio = l/h  0.100E+01

 Material Arrangement:
        1    1    1    1    1    1    1    1    1    1    1    1    1    1    1    1    1    1    1    1    1    1    1    1    1    1
        1    1    1    1    1    1    1    1    1    1    1    1    2    2    1    1    1    1    1    1    1    1    1    1    1    1
        1    1    1    1    1    1    1    1    1    1    1    2    2    2    2    1    1    1    1    1    1    1    1    1    1    1
        1    1    1    1    1    1    1    1    1    1    2    2    2    2    2    2    1    1    1    1    1    1    1    1    1    1
        1    1    1    1    1    1    1    1    1    2    2    2    2    2    2    2    2    1    1    1    1    1    1    1    1    1
        1    1    1    1    1    1    1    1    2    2    2    2    2    2    2    2    2    2    1    1    1    1    1    1    1    1
        1    1    1    1    1    1    1    2    2    2    2    2    2    2    2    2    2    2    2    1    1    1    1    1    1    1
        1    1    1    1    1    1    2    2    2    2    2    2    2    2    2    2    2    2    2    2    1    1    1    1    1    1
        1    1    1    1    1    2    2    2    2    2    2    2    2    2    2    2    2    2    2    2    2    1    1    1    1    1
        1    1    1    1    2    2    2    2    2    2    2    2    2    2    2    2    2    2    2    2    2    2    1    1    1    1
        1    1    1    2    2    2    2    2    2    2    2    2    2    2    2    2    2    2    2    2    2    2    2    1    1    1
        1    1    2    2    2    2    2    2    2    2    2    2    2    2    2    2    2    2    2    2    2    2    2    2    1    1
        1    2    2    2    2    2    2    2    2    2    2    2    2    2    2    2    2    2    2    2    2    2    2    2    2    1
        1    2    2    2    2    2    2    2    2    2    2    2    2    2    2    2    2    2    2    2    2    2    2    2    2    1
        1    1    2    2    2    2    2    2    2    2    2    2    2    2    2    2    2    2    2    2    2    2    2    2    1    1
        1    1    1    2    2    2    2    2    2    2    2    2    2    2    2    2    2    2    2    2    2    2    2    1    1    1
        1    1    1    1    2    2    2    2    2    2    2    2    2    2    2    2    2    2    2    2    2    2    1    1    1    1
        1    1    1    1    1    2    2    2    2    2    2    2    2    2    2    2    2    2    2    2    2    1    1    1    1    1
        1    1    1    1    1    1    2    2    2    2    2    2    2    2    2    2    2    2    2    2    1    1    1    1    1    1
        1    1    1    1    1    1    1    2    2    2    2    2    2    2    2    2    2    2    2    1    1    1    1    1    1    1
        1    1    1    1    1    1    1    1    2    2    2    2    2    2    2    2    2    2    1    1    1    1    1    1    1    1
        1    1    1    1    1    1    1    1    1    2    2    2    2    2    2    2    2    1    1    1    1    1    1    1    1    1
        1    1    1    1    1    1    1    1    1    1    2    2    2    2    2    2    1    1    1    1    1    1    1    1    1    1
        1    1    1    1    1    1    1    1    1    1    1    2    2    2    2    1    1    1    1    1    1    1    1    1    1    1
        1    1    1    1    1    1    1    1    1    1    1    1    2    2    1    1    1    1    1    1    1    1    1    1    1    1
        1    1    1    1    1    1    1    1    1    1    1    1    1    1    1    1    1    1    1    1    1    1    1    1    1    1
  
 Subcell Dimensions:
 H =   5.04632  2.00000  3.00000  4.00000  3.00000  4.00000  5.00000  5.00000  4.00000  6.00000
       9.00000  7.00000 17.00000 17.00000  7.00000  9.00000  6.00000  4.00000  5.00000  5.00000
       4.00000  3.00000  4.00000  3.00000  2.00000  5.04632
 L =   5.04632  2.00000  3.00000  4.00000  3.00000  4.00000  5.00000  5.00000  4.00000  6.00000
       9.00000  7.00000 17.00000 17.00000  7.00000  9.00000  6.00000  4.00000  5.00000  5.00000
       4.00000  3.00000  4.00000  3.00000  2.00000  5.04632

------------------------------------------------------------------------------------------------
**  D:  Applied Loading & Time Integration Information  **
------------------------------------------------------------------------------------------------



 No Yield Surface Analysis Requested


------------------------------------------------------------------------------------------------
**  E:  Damage & Failure Information  **
------------------------------------------------------------------------------------------------



 No Fatigue Damage Analysis Requested

  
 No Elastic Allowable Estimates Requested
  
  
 No Load-Based Multi-Axial Margin of Safety Requested
  
  
 No Subcell Failure Analysis Requested
  
  
 No RUC Failure Analysis Requested
  
  
 No Laminate Failure Analysis Requested
  
  
 No Debonding Analysis Requested
  
  
 No Curtin Effective Fiber Breakage Model Analysis Requested
  

------------------------------------------------------------------------------------------------
**  F:  Results Output Information  **
------------------------------------------------------------------------------------------------

 Print Level                 (nplvl) = -1



 No PATRAN Output Requested



 No MATLAB Output Requested

  
 No Multiscale Modeling Options
  


================================================================================================
*****                      Section II:  Effective Property Results                         *****
================================================================================================



------------------- SUBCELL IDENTIFICATION, VOLUME, AND MATERIAL ARRANGEMENT FOR LAYER 1-------------------


   (BETA , GAMMA)     SUBCELL #       SUBCELL MATERIAL    SUBCELL VOLUME

       1 ,  1              1                  1             0.2547E+02
       1 ,  2              2                  1             0.1009E+02
       1 ,  3              3                  1             0.1514E+02
       1 ,  4              4                  1             0.2019E+02
       1 ,  5              5                  1             0.1514E+02
       1 ,  6              6                  1             0.2019E+02
       1 ,  7              7                  1             0.2523E+02
       1 ,  8              8                  1             0.2523E+02
       1 ,  9              9                  1             0.2019E+02
       1 , 10             10                  1             0.3028E+02
       1 , 11             11                  1             0.4542E+02
       1 , 12             12                  1             0.3532E+02
       1 , 13             13                  1             0.8579E+02
       1 , 14             14                  1             0.8579E+02
       1 , 15             15                  1             0.3532E+02
       1 , 16             16                  1             0.4542E+02
       1 , 17             17                  1             0.3028E+02
       1 , 18             18                  1             0.2019E+02
       1 , 19             19                  1             0.2523E+02
       1 , 20             20                  1             0.2523E+02
       1 , 21             21                  1             0.2019E+02
       1 , 22             22                  1             0.1514E+02
       1 , 23             23                  1             0.2019E+02
       1 , 24             24                  1             0.1514E+02
       1 , 25             25                  1             0.1009E+02
       1 , 26             26                  1             0.2547E+02
       2 ,  1             27                  1             0.1009E+02
       2 ,  2             28                  1             0.4000E+01
       2 ,  3             29                  1             0.6000E+01
       2 ,  4             30                  1             0.8000E+01
       2 ,  5             31                  1             0.6000E+01
       2 ,  6             32                  1             0.8000E+01
       2 ,  7             33                  1             0.1000E+02
       2 ,  8             34                  1             0.1000E+02
       2 ,  9             35                  1             0.8000E+01
       2 , 10             36                  1             0.1200E+02
       2 , 11             37                  1             0.1800E+02
       2 , 12             38                  1             0.1400E+02
       2 , 13             39                  2             0.3400E+02
       2 , 14             40                  2             0.3400E+02
       2 , 15             41                  1             0.1400E+02
       2 , 16             42                  1             0.1800E+02
       2 , 17             43                  1             0.1200E+02
       2 , 18             44                  1             0.8000E+01
       2 , 19             45                  1             0.1000E+02
       2 , 20             46                  1             0.1000E+02
       2 , 21             47                  1             0.8000E+01
       2 , 22             48                  1             0.6000E+01
       2 , 23             49                  1             0.8000E+01
       2 , 24             50                  1             0.6000E+01
       2 , 25             51                  1             0.4000E+01
       2 , 26             52                  1             0.1009E+02
       3 ,  1             53                  1             0.1514E+02
       3 ,  2             54                  1             0.6000E+01
       3 ,  3             55                  1             0.9000E+01
       3 ,  4             56                  1             0.1200E+02
       3 ,  5             57                  1             0.9000E+01
       3 ,  6             58                  1             0.1200E+02
       3 ,  7             59                  1             0.1500E+02
       3 ,  8             60                  1             0.1500E+02
       3 ,  9             61                  1             0.1200E+02
       3 , 10             62                  1             0.1800E+02
       3 , 11             63                  1             0.2700E+02
       3 , 12             64                  2             0.2100E+02
       3 , 13             65                  2             0.5100E+02
       3 , 14             66                  2             0.5100E+02
       3 , 15             67                  2             0.2100E+02
       3 , 16             68                  1             0.2700E+02
       3 , 17             69                  1             0.1800E+02
       3 , 18             70                  1             0.1200E+02
       3 , 19             71                  1             0.1500E+02
       3 , 20             72                  1             0.1500E+02
       3 , 21             73                  1             0.1200E+02
       3 , 22             74                  1             0.9000E+01
       3 , 23             75                  1             0.1200E+02
       3 , 24             76                  1             0.9000E+01
       3 , 25             77                  1             0.6000E+01
       3 , 26             78                  1             0.1514E+02
       4 ,  1             79                  1             0.2019E+02
       4 ,  2             80                  1             0.8000E+01
       4 ,  3             81                  1             0.1200E+02
       4 ,  4             82                  1             0.1600E+02
       4 ,  5             83                  1             0.1200E+02
       4 ,  6             84                  1             0.1600E+02
       4 ,  7             85                  1             0.2000E+02
       4 ,  8             86                  1             0.2000E+02
       4 ,  9             87                  1             0.1600E+02
       4 , 10             88                  1             0.2400E+02
       4 , 11             89                  2             0.3600E+02
       4 , 12             90                  2             0.2800E+02
       4 , 13             91                  2             0.6800E+02
       4 , 14             92                  2             0.6800E+02
       4 , 15             93                  2             0.2800E+02
       4 , 16             94                  2             0.3600E+02
       4 , 17             95                  1             0.2400E+02
       4 , 18             96                  1             0.1600E+02
       4 , 19             97                  1             0.2000E+02
       4 , 20             98                  1             0.2000E+02
       4 , 21             99                  1             0.1600E+02
       4 , 22            100                  1             0.1200E+02
       4 , 23            101                  1             0.1600E+02
       4 , 24            102                  1             0.1200E+02
       4 , 25            103                  1             0.8000E+01
       4 , 26            104                  1             0.2019E+02
       5 ,  1            105                  1             0.1514E+02
       5 ,  2            106                  1             0.6000E+01
       5 ,  3            107                  1             0.9000E+01
       5 ,  4            108                  1             0.1200E+02
       5 ,  5            109                  1             0.9000E+01
       5 ,  6            110                  1             0.1200E+02
       5 ,  7            111                  1             0.1500E+02
       5 ,  8            112                  1             0.1500E+02
       5 ,  9            113                  1             0.1200E+02
       5 , 10            114                  2             0.1800E+02
       5 , 11            115                  2             0.2700E+02
       5 , 12            116                  2             0.2100E+02
       5 , 13            117                  2             0.5100E+02
       5 , 14            118                  2             0.5100E+02
       5 , 15            119                  2             0.2100E+02
       5 , 16            120                  2             0.2700E+02
       5 , 17            121                  2             0.1800E+02
       5 , 18            122                  1             0.1200E+02
       5 , 19            123                  1             0.1500E+02
       5 , 20            124                  1             0.1500E+02
       5 , 21            125                  1             0.1200E+02
       5 , 22            126                  1             0.9000E+01
       5 , 23            127                  1             0.1200E+02
       5 , 24            128                  1             0.9000E+01
       5 , 25            129                  1             0.6000E+01
       5 , 26            130                  1             0.1514E+02
       6 ,  1            131                  1             0.2019E+02
       6 ,  2            132                  1             0.8000E+01
       6 ,  3            133                  1             0.1200E+02
       6 ,  4            134                  1             0.1600E+02
       6 ,  5            135                  1             0.1200E+02
       6 ,  6            136                  1             0.1600E+02
       6 ,  7            137                  1             0.2000E+02
       6 ,  8            138                  1             0.2000E+02
       6 ,  9            139                  2             0.1600E+02
       6 , 10            140                  2             0.2400E+02
       6 , 11            141                  2             0.3600E+02
       6 , 12            142                  2             0.2800E+02
       6 , 13            143                  2             0.6800E+02
       6 , 14            144                  2             0.6800E+02
       6 , 15            145                  2             0.2800E+02
       6 , 16            146                  2             0.3600E+02
       6 , 17            147                  2             0.2400E+02
       6 , 18            148                  2             0.1600E+02
       6 , 19            149                  1             0.2000E+02
       6 , 20            150                  1             0.2000E+02
       6 , 21            151                  1             0.1600E+02
       6 , 22            152                  1             0.1200E+02
       6 , 23            153                  1             0.1600E+02
       6 , 24            154                  1             0.1200E+02
       6 , 25            155                  1             0.8000E+01
       6 , 26            156                  1             0.2019E+02
       7 ,  1            157                  1             0.2523E+02
       7 ,  2            158                  1             0.1000E+02
       7 ,  3            159                  1             0.1500E+02
       7 ,  4            160                  1             0.2000E+02
       7 ,  5            161                  1             0.1500E+02
       7 ,  6            162                  1             0.2000E+02
       7 ,  7            163                  1             0.2500E+02
       7 ,  8            164                  2             0.2500E+02
       7 ,  9            165                  2             0.2000E+02
       7 , 10            166                  2             0.3000E+02
       7 , 11            167                  2             0.4500E+02
       7 , 12            168                  2             0.3500E+02
       7 , 13            169                  2             0.8500E+02
       7 , 14            170                  2             0.8500E+02
       7 , 15            171                  2             0.3500E+02
       7 , 16            172                  2             0.4500E+02
       7 , 17            173                  2             0.3000E+02
       7 , 18            174                  2             0.2000E+02
       7 , 19            175                  2             0.2500E+02
       7 , 20            176                  1             0.2500E+02
       7 , 21            177                  1             0.2000E+02
       7 , 22            178                  1             0.1500E+02
       7 , 23            179                  1             0.2000E+02
       7 , 24            180                  1             0.1500E+02
       7 , 25            181                  1             0.1000E+02
       7 , 26            182                  1             0.2523E+02
       8 ,  1            183                  1             0.2523E+02
       8 ,  2            184                  1             0.1000E+02
       8 ,  3            185                  1             0.1500E+02
       8 ,  4            186                  1             0.2000E+02
       8 ,  5            187                  1             0.1500E+02
       8 ,  6            188                  1             0.2000E+02
       8 ,  7            189                  2             0.2500E+02
       8 ,  8            190                  2             0.2500E+02
       8 ,  9            191                  2             0.2000E+02
       8 , 10            192                  2             0.3000E+02
       8 , 11            193                  2             0.4500E+02
       8 , 12            194                  2             0.3500E+02
       8 , 13            195                  2             0.8500E+02
       8 , 14            196                  2             0.8500E+02
       8 , 15            197                  2             0.3500E+02
       8 , 16            198                  2             0.4500E+02
       8 , 17            199                  2             0.3000E+02
       8 , 18            200                  2             0.2000E+02
       8 , 19            201                  2             0.2500E+02
       8 , 20            202                  2             0.2500E+02
       8 , 21            203                  1             0.2000E+02
       8 , 22            204                  1             0.1500E+02
       8 , 23            205                  1             0.2000E+02
       8 , 24            206                  1             0.1500E+02
       8 , 25            207                  1             0.1000E+02
       8 , 26            208                  1             0.2523E+02
       9 ,  1            209                  1             0.2019E+02
       9 ,  2            210                  1             0.8000E+01
       9 ,  3            211                  1             0.1200E+02
       9 ,  4            212                  1             0.1600E+02
       9 ,  5            213                  1             0.1200E+02
       9 ,  6            214                  2             0.1600E+02
       9 ,  7            215                  2             0.2000E+02
       9 ,  8            216                  2             0.2000E+02
       9 ,  9            217                  2             0.1600E+02
       9 , 10            218                  2             0.2400E+02
       9 , 11            219                  2             0.3600E+02
       9 , 12            220                  2             0.2800E+02
       9 , 13            221                  2             0.6800E+02
       9 , 14            222                  2             0.6800E+02
       9 , 15            223                  2             0.2800E+02
       9 , 16            224                  2             0.3600E+02
       9 , 17            225                  2             0.2400E+02
       9 , 18            226                  2             0.1600E+02
       9 , 19            227                  2             0.2000E+02
       9 , 20            228                  2             0.2000E+02
       9 , 21            229                  2             0.1600E+02
       9 , 22            230                  1             0.1200E+02
       9 , 23            231                  1             0.1600E+02
       9 , 24            232                  1             0.1200E+02
       9 , 25            233                  1             0.8000E+01
       9 , 26            234                  1             0.2019E+02
      10 ,  1            235                  1             0.3028E+02
      10 ,  2            236                  1             0.1200E+02
      10 ,  3            237                  1             0.1800E+02
      10 ,  4            238                  1             0.2400E+02
      10 ,  5            239                  2             0.1800E+02
      10 ,  6            240                  2             0.2400E+02
      10 ,  7            241                  2             0.3000E+02
      10 ,  8            242                  2             0.3000E+02
      10 ,  9            243                  2             0.2400E+02
      10 , 10            244                  2             0.3600E+02
      10 , 11            245                  2             0.5400E+02
      10 , 12            246                  2             0.4200E+02
      10 , 13            247                  2             0.1020E+03
      10 , 14            248                  2             0.1020E+03
      10 , 15            249                  2             0.4200E+02
      10 , 16            250                  2             0.5400E+02
      10 , 17            251                  2             0.3600E+02
      10 , 18            252                  2             0.2400E+02
      10 , 19            253                  2             0.3000E+02
      10 , 20            254                  2             0.3000E+02
      10 , 21            255                  2             0.2400E+02
      10 , 22            256                  2             0.1800E+02
      10 , 23            257                  1             0.2400E+02
      10 , 24            258                  1             0.1800E+02
      10 , 25            259                  1             0.1200E+02
      10 , 26            260                  1             0.3028E+02
      11 ,  1            261                  1             0.4542E+02
      11 ,  2            262                  1             0.1800E+02
      11 ,  3            263                  1             0.2700E+02
      11 ,  4            264                  2             0.3600E+02
      11 ,  5            265                  2             0.2700E+02
      11 ,  6            266                  2             0.3600E+02
      11 ,  7            267                  2             0.4500E+02
      11 ,  8            268                  2             0.4500E+02
      11 ,  9            269                  2             0.3600E+02
      11 , 10            270                  2             0.5400E+02
      11 , 11            271                  2             0.8100E+02
      11 , 12            272                  2             0.6300E+02
      11 , 13            273                  2             0.1530E+03
      11 , 14            274                  2             0.1530E+03
      11 , 15            275                  2             0.6300E+02
      11 , 16            276                  2             0.8100E+02
      11 , 17            277                  2             0.5400E+02
      11 , 18            278                  2             0.3600E+02
      11 , 19            279                  2             0.4500E+02
      11 , 20            280                  2             0.4500E+02
      11 , 21            281                  2             0.3600E+02
      11 , 22            282                  2             0.2700E+02
      11 , 23            283                  2             0.3600E+02
      11 , 24            284                  1             0.2700E+02
      11 , 25            285                  1             0.1800E+02
      11 , 26            286                  1             0.4542E+02
      12 ,  1            287                  1             0.3532E+02
      12 ,  2            288                  1             0.1400E+02
      12 ,  3            289                  2             0.2100E+02
      12 ,  4            290                  2             0.2800E+02
      12 ,  5            291                  2             0.2100E+02
      12 ,  6            292                  2             0.2800E+02
      12 ,  7            293                  2             0.3500E+02
      12 ,  8            294                  2             0.3500E+02
      12 ,  9            295                  2             0.2800E+02
      12 , 10            296                  2             0.4200E+02
      12 , 11            297                  2             0.6300E+02
      12 , 12            298                  2             0.4900E+02
      12 , 13            299                  2             0.1190E+03
      12 , 14            300                  2             0.1190E+03
      12 , 15            301                  2             0.4900E+02
      12 , 16            302                  2             0.6300E+02
      12 , 17            303                  2             0.4200E+02
      12 , 18            304                  2             0.2800E+02
      12 , 19            305                  2             0.3500E+02
      12 , 20            306                  2             0.3500E+02
      12 , 21            307                  2             0.2800E+02
      12 , 22            308                  2             0.2100E+02
      12 , 23            309                  2             0.2800E+02
      12 , 24            310                  2             0.2100E+02
      12 , 25            311                  1             0.1400E+02
      12 , 26            312                  1             0.3532E+02
      13 ,  1            313                  1             0.8579E+02
      13 ,  2            314                  2             0.3400E+02
      13 ,  3            315                  2             0.5100E+02
      13 ,  4            316                  2             0.6800E+02
      13 ,  5            317                  2             0.5100E+02
      13 ,  6            318                  2             0.6800E+02
      13 ,  7            319                  2             0.8500E+02
      13 ,  8            320                  2             0.8500E+02
      13 ,  9            321                  2             0.6800E+02
      13 , 10            322                  2             0.1020E+03
      13 , 11            323                  2             0.1530E+03
      13 , 12            324                  2             0.1190E+03
      13 , 13            325                  2             0.2890E+03
      13 , 14            326                  2             0.2890E+03
      13 , 15            327                  2             0.1190E+03
      13 , 16            328                  2             0.1530E+03
      13 , 17            329                  2             0.1020E+03
      13 , 18            330                  2             0.6800E+02
      13 , 19            331                  2             0.8500E+02
      13 , 20            332                  2             0.8500E+02
      13 , 21            333                  2             0.6800E+02
      13 , 22            334                  2             0.5100E+02
      13 , 23            335                  2             0.6800E+02
      13 , 24            336                  2             0.5100E+02
      13 , 25            337                  2             0.3400E+02
      13 , 26            338                  1             0.8579E+02
      14 ,  1            339                  1             0.8579E+02
      14 ,  2            340                  2             0.3400E+02
      14 ,  3            341                  2             0.5100E+02
      14 ,  4            342                  2             0.6800E+02
      14 ,  5            343                  2             0.5100E+02
      14 ,  6            344                  2             0.6800E+02
      14 ,  7            345                  2             0.8500E+02
      14 ,  8            346                  2             0.8500E+02
      14 ,  9            347                  2             0.6800E+02
      14 , 10            348                  2             0.1020E+03
      14 , 11            349                  2             0.1530E+03
      14 , 12            350                  2             0.1190E+03
      14 , 13            351                  2             0.2890E+03
      14 , 14            352                  2             0.2890E+03
      14 , 15            353                  2             0.1190E+03
      14 , 16            354                  2             0.1530E+03
      14 , 17            355                  2             0.1020E+03
      14 , 18            356                  2             0.6800E+02
      14 , 19            357                  2             0.8500E+02
      14 , 20            358                  2             0.8500E+02
      14 , 21            359                  2             0.6800E+02
      14 , 22            360                  2             0.5100E+02
      14 , 23            361                  2             0.6800E+02
      14 , 24            362                  2             0.5100E+02
      14 , 25            363                  2             0.3400E+02
      14 , 26            364                  1             0.8579E+02
      15 ,  1            365                  1             0.3532E+02
      15 ,  2            366                  1             0.1400E+02
      15 ,  3            367                  2             0.2100E+02
      15 ,  4            368                  2             0.2800E+02
      15 ,  5            369                  2             0.2100E+02
      15 ,  6            370                  2             0.2800E+02
      15 ,  7            371                  2             0.3500E+02
      15 ,  8            372                  2             0.3500E+02
      15 ,  9            373                  2             0.2800E+02
      15 , 10            374                  2             0.4200E+02
      15 , 11            375                  2             0.6300E+02
      15 , 12            376                  2             0.4900E+02
      15 , 13            377                  2             0.1190E+03
      15 , 14            378                  2             0.1190E+03
      15 , 15            379                  2             0.4900E+02
      15 , 16            380                  2             0.6300E+02
      15 , 17            381                  2             0.4200E+02
      15 , 18            382                  2             0.2800E+02
      15 , 19            383                  2             0.3500E+02
      15 , 20            384                  2             0.3500E+02
      15 , 21            385                  2             0.2800E+02
      15 , 22            386                  2             0.2100E+02
      15 , 23            387                  2             0.2800E+02
      15 , 24            388                  2             0.2100E+02
      15 , 25            389                  1             0.1400E+02
      15 , 26            390                  1             0.3532E+02
      16 ,  1            391                  1             0.4542E+02
      16 ,  2            392                  1             0.1800E+02
      16 ,  3            393                  1             0.2700E+02
      16 ,  4            394                  2             0.3600E+02
      16 ,  5            395                  2             0.2700E+02
      16 ,  6            396                  2             0.3600E+02
      16 ,  7            397                  2             0.4500E+02
      16 ,  8            398                  2             0.4500E+02
      16 ,  9            399                  2             0.3600E+02
      16 , 10            400                  2             0.5400E+02
      16 , 11            401                  2             0.8100E+02
      16 , 12            402                  2             0.6300E+02
      16 , 13            403                  2             0.1530E+03
      16 , 14            404                  2             0.1530E+03
      16 , 15            405                  2             0.6300E+02
      16 , 16            406                  2             0.8100E+02
      16 , 17            407                  2             0.5400E+02
      16 , 18            408                  2             0.3600E+02
      16 , 19            409                  2             0.4500E+02
      16 , 20            410                  2             0.4500E+02
      16 , 21            411                  2             0.3600E+02
      16 , 22            412                  2             0.2700E+02
      16 , 23            413                  2             0.3600E+02
      16 , 24            414                  1             0.2700E+02
      16 , 25            415                  1             0.1800E+02
      16 , 26            416                  1             0.4542E+02
      17 ,  1            417                  1             0.3028E+02
      17 ,  2            418                  1             0.1200E+02
      17 ,  3            419                  1             0.1800E+02
      17 ,  4            420                  1             0.2400E+02
      17 ,  5            421                  2             0.1800E+02
      17 ,  6            422                  2             0.2400E+02
      17 ,  7            423                  2             0.3000E+02
      17 ,  8            424                  2             0.3000E+02
      17 ,  9            425                  2             0.2400E+02
      17 , 10            426                  2             0.3600E+02
      17 , 11            427                  2             0.5400E+02
      17 , 12            428                  2             0.4200E+02
      17 , 13            429                  2             0.1020E+03
      17 , 14            430                  2             0.1020E+03
      17 , 15            431                  2             0.4200E+02
      17 , 16            432                  2             0.5400E+02
      17 , 17            433                  2             0.3600E+02
      17 , 18            434                  2             0.2400E+02
      17 , 19            435                  2             0.3000E+02
      17 , 20            436                  2             0.3000E+02
      17 , 21            437                  2             0.2400E+02
      17 , 22            438                  2             0.1800E+02
      17 , 23            439                  1             0.2400E+02
      17 , 24            440                  1             0.1800E+02
      17 , 25            441                  1             0.1200E+02
      17 , 26            442                  1             0.3028E+02
      18 ,  1            443                  1             0.2019E+02
      18 ,  2            444                  1             0.8000E+01
      18 ,  3            445                  1             0.1200E+02
      18 ,  4            446                  1             0.1600E+02
      18 ,  5            447                  1             0.1200E+02
      18 ,  6            448                  2             0.1600E+02
      18 ,  7            449                  2             0.2000E+02
      18 ,  8            450                  2             0.2000E+02
      18 ,  9            451                  2             0.1600E+02
      18 , 10            452                  2             0.2400E+02
      18 , 11            453                  2             0.3600E+02
      18 , 12            454                  2             0.2800E+02
      18 , 13            455                  2             0.6800E+02
      18 , 14            456                  2             0.6800E+02
      18 , 15            457                  2             0.2800E+02
      18 , 16            458                  2             0.3600E+02
      18 , 17            459                  2             0.2400E+02
      18 , 18            460                  2             0.1600E+02
      18 , 19            461                  2             0.2000E+02
      18 , 20            462                  2             0.2000E+02
      18 , 21            463                  2             0.1600E+02
      18 , 22            464                  1             0.1200E+02
      18 , 23            465                  1             0.1600E+02
      18 , 24            466                  1             0.1200E+02
      18 , 25            467                  1             0.8000E+01
      18 , 26            468                  1             0.2019E+02
      19 ,  1            469                  1             0.2523E+02
      19 ,  2            470                  1             0.1000E+02
      19 ,  3            471                  1             0.1500E+02
      19 ,  4            472                  1             0.2000E+02
      19 ,  5            473                  1             0.1500E+02
      19 ,  6            474                  1             0.2000E+02
      19 ,  7            475                  2             0.2500E+02
      19 ,  8            476                  2             0.2500E+02
      19 ,  9            477                  2             0.2000E+02
      19 , 10            478                  2             0.3000E+02
      19 , 11            479                  2             0.4500E+02
      19 , 12            480                  2             0.3500E+02
      19 , 13            481                  2             0.8500E+02
      19 , 14            482                  2             0.8500E+02
      19 , 15            483                  2             0.3500E+02
      19 , 16            484                  2             0.4500E+02
      19 , 17            485                  2             0.3000E+02
      19 , 18            486                  2             0.2000E+02
      19 , 19            487                  2             0.2500E+02
      19 , 20            488                  2             0.2500E+02
      19 , 21            489                  1             0.2000E+02
      19 , 22            490                  1             0.1500E+02
      19 , 23            491                  1             0.2000E+02
      19 , 24            492                  1             0.1500E+02
      19 , 25            493                  1             0.1000E+02
      19 , 26            494                  1             0.2523E+02
      20 ,  1            495                  1             0.2523E+02
      20 ,  2            496                  1             0.1000E+02
      20 ,  3            497                  1             0.1500E+02
      20 ,  4            498                  1             0.2000E+02
      20 ,  5            499                  1             0.1500E+02
      20 ,  6            500                  1             0.2000E+02
      20 ,  7            501                  1             0.2500E+02
      20 ,  8            502                  2             0.2500E+02
      20 ,  9            503                  2             0.2000E+02
      20 , 10            504                  2             0.3000E+02
      20 , 11            505                  2             0.4500E+02
      20 , 12            506                  2             0.3500E+02
      20 , 13            507                  2             0.8500E+02
      20 , 14            508                  2             0.8500E+02
      20 , 15            509                  2             0.3500E+02
      20 , 16            510                  2             0.4500E+02
      20 , 17            511                  2             0.3000E+02
      20 , 18            512                  2             0.2000E+02
      20 , 19            513                  2             0.2500E+02
      20 , 20            514                  1             0.2500E+02
      20 , 21            515                  1             0.2000E+02
      20 , 22            516                  1             0.1500E+02
      20 , 23            517                  1             0.2000E+02
      20 , 24            518                  1             0.1500E+02
      20 , 25            519                  1             0.1000E+02
      20 , 26            520                  1             0.2523E+02
      21 ,  1            521                  1             0.2019E+02
      21 ,  2            522                  1             0.8000E+01
      21 ,  3            523                  1             0.1200E+02
      21 ,  4            524                  1             0.1600E+02
      21 ,  5            525                  1             0.1200E+02
      21 ,  6            526                  1             0.1600E+02
      21 ,  7            527                  1             0.2000E+02
      21 ,  8            528                  1             0.2000E+02
      21 ,  9            529                  2             0.1600E+02
      21 , 10            530                  2             0.2400E+02
      21 , 11            531                  2             0.3600E+02
      21 , 12            532                  2             0.2800E+02
      21 , 13            533                  2             0.6800E+02
      21 , 14            534                  2             0.6800E+02
      21 , 15            535                  2             0.2800E+02
      21 , 16            536                  2             0.3600E+02
      21 , 17            537                  2             0.2400E+02
      21 , 18            538                  2             0.1600E+02
      21 , 19            539                  1             0.2000E+02
      21 , 20            540                  1             0.2000E+02
      21 , 21            541                  1             0.1600E+02
      21 , 22            542                  1             0.1200E+02
      21 , 23            543                  1             0.1600E+02
      21 , 24            544                  1             0.1200E+02
      21 , 25            545                  1             0.8000E+01
      21 , 26            546                  1             0.2019E+02
      22 ,  1            547                  1             0.1514E+02
      22 ,  2            548                  1             0.6000E+01
      22 ,  3            549                  1             0.9000E+01
      22 ,  4            550                  1             0.1200E+02
      22 ,  5            551                  1             0.9000E+01
      22 ,  6            552                  1             0.1200E+02
      22 ,  7            553                  1             0.1500E+02
      22 ,  8            554                  1             0.1500E+02
      22 ,  9            555                  1             0.1200E+02
      22 , 10            556                  2             0.1800E+02
      22 , 11            557                  2             0.2700E+02
      22 , 12            558                  2             0.2100E+02
      22 , 13            559                  2             0.5100E+02
      22 , 14            560                  2             0.5100E+02
      22 , 15            561                  2             0.2100E+02
      22 , 16            562                  2             0.2700E+02
      22 , 17            563                  2             0.1800E+02
      22 , 18            564                  1             0.1200E+02
      22 , 19            565                  1             0.1500E+02
      22 , 20            566                  1             0.1500E+02
      22 , 21            567                  1             0.1200E+02
      22 , 22            568                  1             0.9000E+01
      22 , 23            569                  1             0.1200E+02
      22 , 24            570                  1             0.9000E+01
      22 , 25            571                  1             0.6000E+01
      22 , 26            572                  1             0.1514E+02
      23 ,  1            573                  1             0.2019E+02
      23 ,  2            574                  1             0.8000E+01
      23 ,  3            575                  1             0.1200E+02
      23 ,  4            576                  1             0.1600E+02
      23 ,  5            577                  1             0.1200E+02
      23 ,  6            578                  1             0.1600E+02
      23 ,  7            579                  1             0.2000E+02
      23 ,  8            580                  1             0.2000E+02
      23 ,  9            581                  1             0.1600E+02
      23 , 10            582                  1             0.2400E+02
      23 , 11            583                  2             0.3600E+02
      23 , 12            584                  2             0.2800E+02
      23 , 13            585                  2             0.6800E+02
      23 , 14            586                  2             0.6800E+02
      23 , 15            587                  2             0.2800E+02
      23 , 16            588                  2             0.3600E+02
      23 , 17            589                  1             0.2400E+02
      23 , 18            590                  1             0.1600E+02
      23 , 19            591                  1             0.2000E+02
      23 , 20            592                  1             0.2000E+02
      23 , 21            593                  1             0.1600E+02
      23 , 22            594                  1             0.1200E+02
      23 , 23            595                  1             0.1600E+02
      23 , 24            596                  1             0.1200E+02
      23 , 25            597                  1             0.8000E+01
      23 , 26            598                  1             0.2019E+02
      24 ,  1            599                  1             0.1514E+02
      24 ,  2            600                  1             0.6000E+01
      24 ,  3            601                  1             0.9000E+01
      24 ,  4            602                  1             0.1200E+02
      24 ,  5            603                  1             0.9000E+01
      24 ,  6            604                  1             0.1200E+02
      24 ,  7            605                  1             0.1500E+02
      24 ,  8            606                  1             0.1500E+02
      24 ,  9            607                  1             0.1200E+02
      24 , 10            608                  1             0.1800E+02
      24 , 11            609                  1             0.2700E+02
      24 , 12            610                  2             0.2100E+02
      24 , 13            611                  2             0.5100E+02
      24 , 14            612                  2             0.5100E+02
      24 , 15            613                  2             0.2100E+02
      24 , 16            614                  1             0.2700E+02
      24 , 17            615                  1             0.1800E+02
      24 , 18            616                  1             0.1200E+02
      24 , 19            617                  1             0.1500E+02
      24 , 20            618                  1             0.1500E+02
      24 , 21            619                  1             0.1200E+02
      24 , 22            620                  1             0.9000E+01
      24 , 23            621                  1             0.1200E+02
      24 , 24            622                  1             0.9000E+01
      24 , 25            623                  1             0.6000E+01
      24 , 26            624                  1             0.1514E+02
      25 ,  1            625                  1             0.1009E+02
      25 ,  2            626                  1             0.4000E+01
      25 ,  3            627                  1             0.6000E+01
      25 ,  4            628                  1             0.8000E+01
      25 ,  5            629                  1             0.6000E+01
      25 ,  6            630                  1             0.8000E+01
      25 ,  7            631                  1             0.1000E+02
      25 ,  8            632                  1             0.1000E+02
      25 ,  9            633                  1             0.8000E+01
      25 , 10            634                  1             0.1200E+02
      25 , 11            635                  1             0.1800E+02
      25 , 12            636                  1             0.1400E+02
      25 , 13            637                  2             0.3400E+02
      25 , 14            638                  2             0.3400E+02
      25 , 15            639                  1             0.1400E+02
      25 , 16            640                  1             0.1800E+02
      25 , 17            641                  1             0.1200E+02
      25 , 18            642                  1             0.8000E+01
      25 , 19            643                  1             0.1000E+02
      25 , 20            644                  1             0.1000E+02
      25 , 21            645                  1             0.8000E+01
      25 , 22            646                  1             0.6000E+01
      25 , 23            647                  1             0.8000E+01
      25 , 24            648                  1             0.6000E+01
      25 , 25            649                  1             0.4000E+01
      25 , 26            650                  1             0.1009E+02
      26 ,  1            651                  1             0.2547E+02
      26 ,  2            652                  1             0.1009E+02
      26 ,  3            653                  1             0.1514E+02
      26 ,  4            654                  1             0.2019E+02
      26 ,  5            655                  1             0.1514E+02
      26 ,  6            656                  1             0.2019E+02
      26 ,  7            657                  1             0.2523E+02
      26 ,  8            658                  1             0.2523E+02
      26 ,  9            659                  1             0.2019E+02
      26 , 10            660                  1             0.3028E+02
      26 , 11            661                  1             0.4542E+02
      26 , 12            662                  1             0.3532E+02
      26 , 13            663                  1             0.8579E+02
      26 , 14            664                  1             0.8579E+02
      26 , 15            665                  1             0.3532E+02
      26 , 16            666                  1             0.4542E+02
      26 , 17            667                  1             0.3028E+02
      26 , 18            668                  1             0.2019E+02
      26 , 19            669                  1             0.2523E+02
      26 , 20            670                  1             0.2523E+02
      26 , 21            671                  1             0.2019E+02
      26 , 22            672                  1             0.1514E+02
      26 , 23            673                  1             0.2019E+02
      26 , 24            674                  1             0.1514E+02
      26 , 25            675                  1             0.1009E+02
      26 , 26            676                  1             0.2547E+02


                                             TOTAL VOLUME =  0.2193E+05

          MATERIAL NO. =  1     VOLUME RATIO =  0.3000E+00

          MATERIAL NO. =  2     VOLUME RATIO =  0.7000E+00

          RUC Dimensions: H = 0.1481E+03    L = 0.1481E+03

          Subcell Dimensions:
          h =  0.50463E+01 0.20000E+01 0.30000E+01 0.40000E+01 0.30000E+01
               0.40000E+01 0.50000E+01 0.50000E+01 0.40000E+01 0.60000E+01
               0.90000E+01 0.70000E+01 0.17000E+02 0.17000E+02 0.70000E+01
               0.90000E+01 0.60000E+01 0.40000E+01 0.50000E+01 0.50000E+01
               0.40000E+01 0.30000E+01 0.40000E+01 0.30000E+01 0.20000E+01
               0.50463E+01
          l =  0.50463E+01 0.20000E+01 0.30000E+01 0.40000E+01 0.30000E+01
               0.40000E+01 0.50000E+01 0.50000E+01 0.40000E+01 0.60000E+01
               0.90000E+01 0.70000E+01 0.17000E+02 0.17000E+02 0.70000E+01
               0.90000E+01 0.60000E+01 0.40000E+01 0.50000E+01 0.50000E+01
               0.40000E+01 0.30000E+01 0.40000E+01 0.30000E+01 0.20000E+01
               0.50463E+01
------------------------------------------------------------------------------------------------



--------------------- EFFECTIVE PROPERTIES AT TEMPERATURE =    21.00 ----------------------------



 CG - Effective/Macro Stiffness Matrix

    0.166788076673652E+03   0.542900220173391E+01   0.555903361267538E+01   0.000000000000000E+00   0.000000000000000E+00   0.000000000000000E+00
    0.542900220173390E+01   0.108096919090983E+02   0.520330294403241E+01   0.000000000000000E+00   0.000000000000000E+00   0.000000000000000E+00
    0.555903361267538E+01   0.520330294403241E+01   0.111881585421188E+02   0.000000000000000E+00   0.000000000000000E+00   0.000000000000000E+00
    0.000000000000000E+00   0.000000000000000E+00   0.000000000000000E+00   0.271546452193309E+01   0.000000000000000E+00   0.000000000000000E+00
    0.000000000000000E+00   0.000000000000000E+00   0.000000000000000E+00   0.000000000000000E+00   0.100620577339667E+02   0.000000000000000E+00
    0.000000000000000E+00   0.000000000000000E+00   0.000000000000000E+00   0.000000000000000E+00   0.000000000000000E+00   0.100673410637564E+02

 CI - Effective/Macro Compliance Matrix

    0.613263138525663E-02  -0.207860692212459E-02  -0.208040334786001E-02   0.000000000000000E+00   0.000000000000000E+00   0.000000000000000E+00
   -0.207860692212459E-02   0.119897168494012E+00  -0.547280628669435E-01   0.000000000000000E+00   0.000000000000000E+00   0.000000000000000E+00
   -0.208040334786001E-02  -0.547280628669435E-01   0.115866406245074E+00   0.000000000000000E+00   0.000000000000000E+00   0.000000000000000E+00
    0.000000000000000E+00   0.000000000000000E+00   0.000000000000000E+00   0.368261117728806E+00   0.000000000000000E+00   0.000000000000000E+00
    0.000000000000000E+00   0.000000000000000E+00   0.000000000000000E+00   0.000000000000000E+00   0.993832500706373E-01   0.000000000000000E+00
    0.000000000000000E+00   0.000000000000000E+00   0.000000000000000E+00   0.000000000000000E+00   0.000000000000000E+00   0.993310938476211E-01

 Effective Engineering Moduli

     E11S =  0.163062140405844E+03
     N12S =           0.3389420938
     N13S =           0.3392350228
     E22S =  0.834048053478381E+01
     N23S =           0.4564583430
     E33S =  0.863062929461072E+01
     G23S =  0.271546452193309E+01
     G13S =  0.100620577339667E+02
     G12S =  0.100673410637564E+02

 Effective Tangent Thermal Expansion Coefficients

    0.000000000000000E+00    0.000000000000000E+00    0.000000000000000E+00

------------------------------------------------------------------------------------------------


 STOPPING: NPLVL == -1
  
 ENDENDENDENDENDENDENDENDENDENDENDENDENDENDENDEND
               _______   ______ 
              / ____/ | / / __ \\
             / __/ /  |/ / / / /
            / /___/ /|  / /_/ / 
           /_____/_/ |_/_____/  
  
 ENDENDENDENDENDENDENDENDENDENDENDENDENDENDENDEND
  
 Execution Time:  0.009 second(s)

